  main.c
  rooms.c
C:\Users\Tabmokiray\source\repos\twelve\rooms.c(4,8): warning C4013: gotoxy: нет определения; предполагается "extern" с возвратом типа "int"
C:\Users\Tabmokiray\source\repos\twelve\rooms.c(14,14): warning C4013: createsave: нет определения; предполагается "extern" с возвратом типа "int"
C:\Users\Tabmokiray\source\repos\twelve\rooms.c(103,24): warning C4013: roll: нет определения; предполагается "extern" с возвратом типа "int"
C:\Users\Tabmokiray\source\repos\twelve\rooms.c(258,14): warning C4013: shortrest: нет определения; предполагается "extern" с возвратом типа "int"
C:\Users\Tabmokiray\source\repos\twelve\rooms.c(560,8): warning C4013: msword: нет определения; предполагается "extern" с возвратом типа "int"
C:\Users\Tabmokiray\source\repos\twelve\rooms.c(796,12): warning C4013: rulegoblin: нет определения; предполагается "extern" с возвратом типа "int"
C:\Users\Tabmokiray\source\repos\twelve\rooms.c(797,8): warning C4013: goblin: нет определения; предполагается "extern" с возвратом типа "int"
C:\Users\Tabmokiray\source\repos\twelve\rooms.c(798,11): warning C4013: clearchat: нет определения; предполагается "extern" с возвратом типа "int"
C:\Users\Tabmokiray\source\repos\twelve\rooms.c(803,17): warning C4013: characterlist: нет определения; предполагается "extern" с возвратом типа "int"
C:\Users\Tabmokiray\source\repos\twelve\rooms.c(813,14): warning C4013: actions: нет определения; предполагается "extern" с возвратом типа "int"
C:\Users\Tabmokiray\source\repos\twelve\rooms.c(821,12): warning C4013: rulebandit: нет определения; предполагается "extern" с возвратом типа "int"
C:\Users\Tabmokiray\source\repos\twelve\rooms.c(822,8): warning C4013: bandit: нет определения; предполагается "extern" с возвратом типа "int"
C:\Users\Tabmokiray\source\repos\twelve\rooms.c(845,9): warning C4013: rulerat: нет определения; предполагается "extern" с возвратом типа "int"
C:\Users\Tabmokiray\source\repos\twelve\rooms.c(846,5): warning C4013: rat: нет определения; предполагается "extern" с возвратом типа "int"
C:\Users\Tabmokiray\source\repos\twelve\rooms.c(876,14): warning C4013: ruleskeleton: нет определения; предполагается "extern" с возвратом типа "int"
C:\Users\Tabmokiray\source\repos\twelve\rooms.c(877,10): warning C4013: skeleton: нет определения; предполагается "extern" с возвратом типа "int"
C:\Users\Tabmokiray\source\repos\twelve\rooms.c(908,11): warning C4013: rulesword: нет определения; предполагается "extern" с возвратом типа "int"
C:\Users\Tabmokiray\source\repos\twelve\rooms.c(909,7): warning C4013: sword: нет определения; предполагается "extern" с возвратом типа "int"
  Создание кода
  Previous IPDB and IOBJ mismatch, fall back to full compilation.
C:\Users\Tabmokiray\source\repos\twelve\rules.c(633): warning C4715: item: значение возвращается не при всех путях выполнения
C:\Users\Tabmokiray\source\repos\twelve\rules.c(597): warning C4715: spell: значение возвращается не при всех путях выполнения
C:\Users\Tabmokiray\source\repos\twelve\mechanic.c(934): warning C4715: statgenerator: значение возвращается не при всех путях выполнения
C:\Users\Tabmokiray\source\repos\twelve\rules.c(561): warning C4715: abilitydesc: значение возвращается не при всех путях выполнения
C:\Users\Tabmokiray\source\repos\twelve\rooms.c(936): warning C4715: stage4: значение возвращается не при всех путях выполнения
C:\Users\Tabmokiray\source\repos\twelve\rooms.c(873): warning C4715: stage2: значение возвращается не при всех путях выполнения
C:\Users\Tabmokiray\source\repos\twelve\rooms.c(904): warning C4715: stage3: значение возвращается не при всех путях выполнения
C:\Users\Tabmokiray\source\repos\twelve\mechanic.c(471): warning C4715: actions: значение возвращается не при всех путях выполнения
  All 54 functions were compiled because no usable IPDB/IOBJ from previous compilation was found.
  Создание кода завершено
  4_Games_1.5.vcxproj -> C:\Users\Tabmokiray\Source\Repos\twelve\x64\Release\4_Games_1.5.exe
